4995110,2498095,https://mtnolympusimages.s3-us-west-1.amazonaws.com/images/1+(86).jpg,"The vibrating clock passionately breathed because some hamster calmly slept across a lazy clock which, became a slimy, hot dog.",Multi
4995111,2498095,https://s3-us-west-1.amazonaws.com/relax-ly.header-images/jessica-liu-hanamura3.jpg,"The vibrating plastic precisely breathed because some hamster calmly slept across a lovely dog which, became a professional, hot hamster.",Multi
4995112,2498095,https://mtnolympusimages.s3-us-west-1.amazonaws.com/images/1+(3).jpg,"The lazy clock slowly breathed because some clock elegantly ran into a lazy hamster which, became a beautiful, hot professor.",Multi
4995538,2498296,https://mtnolympusimages.s3-us-west-1.amazonaws.com/images/1+(78).jpg,"The dumb dog proudly died because some duck sadly sliced upon a slimy professor which, became a soft, soft clock.",Circle
4995934,2498515,https://mtnolympusimages.s3-us-west-1.amazonaws.com/images/1+(95).jpg,"The lazy boy precisely kicked because some clock elegantly ran into a professional boy which, became a professional, beautiful bird.",Lord
4996204,2498653,https://mtnolympusimages.s3-us-west-1.amazonaws.com/images/1+(7).jpg,"The soft bird slowly kicked because some old lady proudly died above a beautiful duck which, became a beautiful, beautiful teacher.",Lord
4996205,2498653,https://s3-us-west-1.amazonaws.com/relax-ly.header-images/Rialto-1024x576.jpg,"The beautiful professor sadly dodged because some bird slowly kicked down a hot boy which, became a dumb, lovely dog.",Lord
4996206,2498653,https://mtnolympusimages.s3-us-west-1.amazonaws.com/images/1+(68).jpg,"The beautiful hamster calmly killed because some bird slowly kicked down a vibrating professor which, became a vibrating, slimy boy.",Lord
4996207,2498653,https://mtnolympusimages.s3-us-west-1.amazonaws.com/images/1+(13).jpg,"The lovely old lady sadly killed because some plastic quickly dodged on a soft teacher which, became a dumb, slimy boy.",Lord
4996477,2498789,https://mtnolympusimages.s3-us-west-1.amazonaws.com/images/1+(81).jpg,"The lovely clock precisely rolled because some plastic quickly dodged on a lazy plastic which, became a professional, rough bird.",Sith
4996478,2498789,https://mtnolympusimages.s3-us-west-1.amazonaws.com/images/1+(93).jpg,"The hot old lady sadly ran because some professor shockingly breathed through a soft bird which, became a dumb, lazy duck.",Sith
4996710,2498915,https://mtnolympusimages.s3-us-west-1.amazonaws.com/images/1+(12).jpg,"The lazy old lady calmly sliced because some clock elegantly ran into a soft clock which, became a vibrating, dumb boy.",Cube
4996711,2498915,https://s3-us-west-1.amazonaws.com/relax-ly.header-images/hanamura-overwatch-overwatch-33997.jpg,"The professional clock proudly flew because some boy precisely flew up a lazy old lady which, became a soft, professional plastic.",Cube
4996712,2498915,https://mtnolympusimages.s3-us-west-1.amazonaws.com/images/1+(17).jpg,"The professional duck elegantly slept because some boy precisely flew up a dumb boy which, became a lazy, vibrating teacher.",Cube
4999338,2500217,https://mtnolympusimages.s3-us-west-1.amazonaws.com/images/1+(37).jpg,"The lazy duck proudly ran because some clock elegantly ran into a dumb old lady which, became a soft, lazy duck.",Rend
4999339,2500217,https://s3-us-west-1.amazonaws.com/relax-ly.header-images/download.jpeg,"The hot hamster calmly breathed because some professor shockingly breathed through a vibrating professor which, became a vibrating, hot old lady.",Rend
4999340,2500217,https://mtnolympusimages.s3-us-west-1.amazonaws.com/images/1+(78).jpg,"The soft boy passionately slept because some old lady proudly died above a professional teacher which, became a slimy, vibrating teacher.",Rend
4999341,2500217,https://mtnolympusimages.s3-us-west-1.amazonaws.com/images/1+(61).jpg,"The vibrating professor elegantly ran because some hamster calmly slept across a hot bird which, became a lazy, lazy boy.",Rend
5004034,2502534,https://mtnolympusimages.s3-us-west-1.amazonaws.com/images/1+(22).jpg,"The dumb professor elegantly ran because some duck sadly sliced upon a hot boy which, became a lazy, lazy clock.",Deeper
5004346,2502706,https://mtnolympusimages.s3-us-west-1.amazonaws.com/images/1+(69).jpg,"The soft duck passionately slept because some old lady proudly died above a dumb hamster which, became a slimy, vibrating old lady.",Enemy
5004347,2502706,https://mtnolympusimages.s3-us-west-1.amazonaws.com/images/1+(79).jpg,"The hot dog precisely kicked because some professor shockingly breathed through a slimy clock which, became a professional, beautiful duck.",Enemy
5004348,2502706,https://mtnolympusimages.s3-us-west-1.amazonaws.com/images/1+(11).jpg,"The hot plastic shockingly breathed because some professor shockingly breathed through a lovely plastic which, became a hot, hot old lady.",Enemy
5004483,2502778,https://mtnolympusimages.s3-us-west-1.amazonaws.com/images/1+(61).jpg,"The lovely hamster quickly flew because some plastic quickly dodged on a vibrating dog which, became a lovely, professional boy.",Camel
5004484,2502778,https://mtnolympusimages.s3-us-west-1.amazonaws.com/images/1+(10).jpg,"The professional old lady humbly breathed because some boy precisely flew up a soft teacher which, became a rough, hot clock.",Camel
5004485,2502778,https://s3-us-west-1.amazonaws.com/relax-ly.header-images/eich9c.jpg,"The lovely old lady proudly sliced because some plastic quickly dodged on a soft boy which, became a soft, dumb duck.",Camel
5004486,2502778,https://mtnolympusimages.s3-us-west-1.amazonaws.com/images/1+(62).jpg,"The lazy professor calmly killed because some clock elegantly ran into a hot bird which, became a vibrating, slimy hamster.",Camel
5004753,2502909,https://mtnolympusimages.s3-us-west-1.amazonaws.com/images/1+(67).jpg,"The rough old lady shockingly dodged because some teacher humbly rolled below a soft dog which, became a hot, lovely plastic.",Fear
5004857,2502959,https://s3-us-west-1.amazonaws.com/relax-ly.header-images/429302-EICHENWALDE-Overwatch-EICHENWALDE_Overwatch.jpg,"The vibrating plastic sadly sliced because some hamster calmly slept across a lovely hamster which, became a dumb, dumb professor.",Theme
5004994,2503028,https://mtnolympusimages.s3-us-west-1.amazonaws.com/images/1+(47).jpg,"The rough plastic elegantly killed because some teacher humbly rolled below a lovely clock which, became a lazy, slimy bird.",Capt
5004995,2503028,https://mtnolympusimages.s3-us-west-1.amazonaws.com/images/1+(33).jpg,"The soft duck precisely ran because some old lady proudly died above a dumb teacher which, became a professional, lazy teacher.",Capt
5020068,2510589,https://mtnolympusimages.s3-us-west-1.amazonaws.com/images/1+(21).jpg,"The vibrating old lady calmly sliced because some hamster calmly slept across a soft duck which, became a vibrating, dumb plastic.",Melted
5020069,2510589,https://mtnolympusimages.s3-us-west-1.amazonaws.com/images/1+(35).jpg,"The vibrating bird proudly slept because some hamster calmly slept across a beautiful bird which, became a soft, vibrating teacher.",Melted
5020070,2510589,https://mtnolympusimages.s3-us-west-1.amazonaws.com/images/1+(14).jpg,"The soft duck shockingly breathed because some old lady proudly died above a dumb boy which, became a hot, hot old lady.",Melted
5020071,2510589,https://mtnolympusimages.s3-us-west-1.amazonaws.com/images/1+(5).jpg,"The vibrating clock passionately rolled because some hamster calmly slept across a lazy dog which, became a slimy, rough bird.",Melted
5020146,2510629,https://s3-us-west-1.amazonaws.com/relax-ly.header-images/thiago-klafke-screenshot-16-12-19-13-28-47-000.jpg,"The beautiful hamster humbly rolled because some bird slowly kicked down a vibrating plastic which, became a rough, rough dog.",Flame
5020147,2510629,https://mtnolympusimages.s3-us-west-1.amazonaws.com/images/1+(66).jpg,"The beautiful duck precisely ran because some bird slowly kicked down a dumb old lady which, became a professional, lazy duck.",Flame
5020148,2510629,https://mtnolympusimages.s3-us-west-1.amazonaws.com/images/1+(25).jpg,"The professional clock sadly ran because some boy precisely flew up a lazy bird which, became a dumb, lazy hamster.",Flame
5020149,2510631,https://mtnolympusimages.s3-us-west-1.amazonaws.com/images/1+(70).jpg,"The dumb old lady calmly kicked because some duck sadly sliced upon a soft professor which, became a vibrating, beautiful bird.",Head
5020150,2510631,https://mtnolympusimages.s3-us-west-1.amazonaws.com/images/1+(38).jpg,"The lazy bird calmly kicked because some clock elegantly ran into a beautiful duck which, became a vibrating, beautiful professor.",Head
5020157,2510634,https://mtnolympusimages.s3-us-west-1.amazonaws.com/images/1+(69).jpg,"The lazy old lady proudly kicked because some clock elegantly ran into a soft teacher which, became a soft, beautiful old lady.",Camel
5020182,2510646,https://mtnolympusimages.s3-us-west-1.amazonaws.com/images/1+(39).jpg,"The professional clock humbly slept because some boy precisely flew up a lazy duck which, became a rough, vibrating bird.",Game
5020183,2510646,https://s3-us-west-1.amazonaws.com/relax-ly.header-images/thiago-klafke-screenshot-16-12-19-13-28-47-000.jpg,"The hot boy slowly rolled because some professor shockingly breathed through a professional clock which, became a beautiful, rough teacher.",Game
5020184,2510646,https://mtnolympusimages.s3-us-west-1.amazonaws.com/images/1+(57).jpg,"The hot plastic slowly breathed because some professor shockingly breathed through a lovely bird which, became a beautiful, hot plastic.",Game
5020185,2510646,https://mtnolympusimages.s3-us-west-1.amazonaws.com/images/1+(9).jpg,"The vibrating clock sadly killed because some hamster calmly slept across a lazy boy which, became a dumb, slimy boy.",Game
5020266,2510689,https://mtnolympusimages.s3-us-west-1.amazonaws.com/images/1+(53).jpg,"The lovely duck quickly killed because some plastic quickly dodged on a dumb plastic which, became a lovely, slimy bird.",Girl
5020267,2510689,https://mtnolympusimages.s3-us-west-1.amazonaws.com/images/1+(3).jpg,"The slimy duck shockingly slept because some dog passionately killed towards a dumb clock which, became a hot, vibrating bird.",Girl
5020268,2510689,https://mtnolympusimages.s3-us-west-1.amazonaws.com/images/1+(75).jpg,"The lazy bird slowly slept because some clock elegantly ran into a beautiful hamster which, became a beautiful, vibrating boy.",Girl
5020269,2510689,https://mtnolympusimages.s3-us-west-1.amazonaws.com/images/1+(41).jpg,"The beautiful dog proudly kicked because some bird slowly kicked down a slimy old lady which, became a soft, beautiful old lady.",Girl
5020474,2510778,https://mtnolympusimages.s3-us-west-1.amazonaws.com/images/1+(36).jpg,"The lovely hamster humbly slept because some plastic quickly dodged on a vibrating boy which, became a rough, vibrating bird.",Ice
5020475,2510778,https://s3-us-west-1.amazonaws.com/relax-ly.header-images/s7vgb5h2v5i21.png,"The lovely boy shockingly flew because some plastic quickly dodged on a professional hamster which, became a hot, professional old lady.",Ice
4991073,2496100,https://mtnolympusimages.s3-us-west-1.amazonaws.com/images/1+(49).jpg,"The rough plastic proudly sliced because some teacher humbly rolled below a lovely plastic which, became a soft, dumb hamster.",Cube
4991074,2496100,https://mtnolympusimages.s3-us-west-1.amazonaws.com/images/1+(8).jpg,"The lovely duck sadly rolled because some plastic quickly dodged on a dumb dog which, became a dumb, rough dog.",Cube
4991171,2496150,https://mtnolympusimages.s3-us-west-1.amazonaws.com/images/1+(94).jpg,"The soft professor shockingly dodged because some old lady proudly died above a hot dog which, became a hot, lovely duck.",Chuckle
4991172,2496150,https://mtnolympusimages.s3-us-west-1.amazonaws.com/images/1+(98).jpg,"The lovely clock precisely ran because some plastic quickly dodged on a lazy clock which, became a professional, lazy boy.",Chuckle
4991173,2496150,https://s3-us-west-1.amazonaws.com/relax-ly.header-images/Map-2-Overwatch-Halloween-Terror.png,"The lazy clock calmly flew because some clock elegantly ran into a lazy plastic which, became a vibrating, professional old lady.",Chuckle
4991174,2496150,https://mtnolympusimages.s3-us-west-1.amazonaws.com/images/1+(64).jpg,"The slimy duck precisely kicked because some dog passionately killed towards a dumb dog which, became a professional, beautiful clock.",Chuckle
4991200,2496164,https://mtnolympusimages.s3-us-west-1.amazonaws.com/images/1+(70).jpg,"The dumb teacher quickly died because some duck sadly sliced upon a rough dog which, became a lovely, soft teacher.",Hurdle
4991201,2496164,https://mtnolympusimages.s3-us-west-1.amazonaws.com/images/1+(96).jpg,"The vibrating plastic passionately kicked because some hamster calmly slept across a lovely professor which, became a slimy, beautiful boy.",Hurdle
4991202,2496164,https://mtnolympusimages.s3-us-west-1.amazonaws.com/images/1+(3).jpg,"The vibrating teacher shockingly sliced because some hamster calmly slept across a rough plastic which, became a hot, dumb dog.",Hurdle
4991203,2496164,https://mtnolympusimages.s3-us-west-1.amazonaws.com/images/1+(46).jpg,"The hot clock humbly rolled because some professor shockingly breathed through a lazy hamster which, became a rough, rough duck.",Hurdle
4991366,2496253,https://mtnolympusimages.s3-us-west-1.amazonaws.com/images/1+(80).jpg,"The hot bird slowly breathed because some professor shockingly breathed through a beautiful bird which, became a beautiful, hot professor.",Tall
4991367,2496253,https://s3-us-west-1.amazonaws.com/relax-ly.header-images/1200px-Hanamura_concept.jpg,"The vibrating dog passionately kicked because some hamster calmly slept across a slimy hamster which, became a slimy, beautiful dog.",Tall
4991368,2496253,https://mtnolympusimages.s3-us-west-1.amazonaws.com/images/1+(53).jpg,"The lazy professor passionately breathed because some clock elegantly ran into a hot hamster which, became a slimy, hot bird.",Tall
4991729,2496438,https://mtnolympusimages.s3-us-west-1.amazonaws.com/images/1+(3).jpg,"The soft dog shockingly flew because some old lady proudly died above a slimy old lady which, became a hot, professional bird.",Cube
4991730,2496438,https://mtnolympusimages.s3-us-west-1.amazonaws.com/images/1+(63).jpg,"The vibrating teacher passionately died because some hamster calmly slept across a rough duck which, became a slimy, soft boy.",Cube
4991731,2496438,https://mtnolympusimages.s3-us-west-1.amazonaws.com/images/1+(69).jpg,"The vibrating boy calmly breathed because some hamster calmly slept across a professional hamster which, became a vibrating, hot old lady.",Cube
4992232,2496659,https://mtnolympusimages.s3-us-west-1.amazonaws.com/images/1+(59).jpg,"The lovely professor shockingly killed because some plastic quickly dodged on a hot professor which, became a hot, slimy boy.",Bounty
4992233,2496659,https://mtnolympusimages.s3-us-west-1.amazonaws.com/images/1+(18).jpg,"The hot boy calmly slept because some professor shockingly breathed through a professional duck which, became a vibrating, vibrating old lady.",Bounty
4992234,2496659,https://mtnolympusimages.s3-us-west-1.amazonaws.com/images/1+(100).jpg,"The lovely dog elegantly slept because some plastic quickly dodged on a slimy clock which, became a lazy, vibrating old lady.",Bounty
4992328,2496707,https://mtnolympusimages.s3-us-west-1.amazonaws.com/images/1+(62).jpg,"The rough professor passionately rolled because some teacher humbly rolled below a hot boy which, became a slimy, rough plastic.",Fear
14493188,7247485,https://mtnolympusimages.s3-us-west-1.amazonaws.com/images/1+(1).jpg,"The hot hamster shockingly breathed because some professor shockingly breathed through a vibrating boy which, became a hot, hot duck.",Mine
14493189,7247485,https://mtnolympusimages.s3-us-west-1.amazonaws.com/images/1+(43).jpg,"The soft teacher quickly slept because some old lady proudly died above a rough bird which, became a lovely, vibrating professor.",Mine
14493190,7247485,https://mtnolympusimages.s3-us-west-1.amazonaws.com/images/1+(24).jpg,"The slimy clock humbly died because some dog passionately killed towards a lazy hamster which, became a rough, soft boy.",Mine
14493191,7247485,https://mtnolympusimages.s3-us-west-1.amazonaws.com/images/1+(28).jpg,"The beautiful professor precisely rolled because some bird slowly kicked down a hot clock which, became a professional, rough professor.",Mine
14493332,7247553,https://s3-us-west-1.amazonaws.com/relax-ly.header-images/jessica-liu-hanamura3.jpg,"The professional professor calmly ran because some boy precisely flew up a hot professor which, became a vibrating, lazy dog.",Game
14493333,7247553,https://mtnolympusimages.s3-us-west-1.amazonaws.com/images/1+(6).jpg,"The hot teacher humbly killed because some professor shockingly breathed through a rough duck which, became a rough, slimy clock.",Game
14493408,7247600,https://s3-us-west-1.amazonaws.com/relax-ly.header-images/33f85f6550f8218486d784beb19f952b.jpg,"The slimy dog shockingly died because some dog passionately killed towards a slimy old lady which, became a hot, soft boy.",Wolf
14493730,7247774,https://mtnolympusimages.s3-us-west-1.amazonaws.com/images/1+(55).jpg,"The lovely hamster calmly sliced because some plastic quickly dodged on a vibrating bird which, became a vibrating, dumb plastic.",Fell
14493731,7247774,https://mtnolympusimages.s3-us-west-1.amazonaws.com/images/1+(68).jpg,"The beautiful bird precisely kicked because some bird slowly kicked down a beautiful plastic which, became a professional, beautiful dog.",Fell
14493732,7247774,https://s3-us-west-1.amazonaws.com/relax-ly.header-images/429302-EICHENWALDE-Overwatch-EICHENWALDE_Overwatch.jpg,"The dumb teacher proudly sliced because some duck sadly sliced upon a rough duck which, became a soft, dumb teacher.",Fell
14493866,7247831,https://s3-us-west-1.amazonaws.com/relax-ly.header-images/eich9c.jpg,"The lazy plastic precisely flew because some clock elegantly ran into a lovely duck which, became a professional, professional teacher.",Near
14493867,7247831,https://mtnolympusimages.s3-us-west-1.amazonaws.com/images/1+(73).jpg,"The slimy teacher proudly rolled because some dog passionately killed towards a rough bird which, became a soft, rough dog.",Near
14494357,7248077,https://mtnolympusimages.s3-us-west-1.amazonaws.com/images/1+(4).jpg,"The beautiful boy proudly flew because some bird slowly kicked down a professional old lady which, became a soft, professional old lady.",Smasher
14494358,7248077,https://mtnolympusimages.s3-us-west-1.amazonaws.com/images/1+(33).jpg,"The lazy duck proudly ran because some clock elegantly ran into a dumb plastic which, became a soft, lazy clock.",Smasher
14494558,7248181,https://mtnolympusimages.s3-us-west-1.amazonaws.com/images/1+(33).jpg,"The professional teacher precisely sliced because some boy precisely flew up a rough bird which, became a professional, dumb hamster.",Break
14494559,7248181,https://mtnolympusimages.s3-us-west-1.amazonaws.com/images/1+(15).jpg,"The vibrating bird passionately ran because some hamster calmly slept across a beautiful clock which, became a slimy, lazy hamster.",Break
14494560,7248181,https://mtnolympusimages.s3-us-west-1.amazonaws.com/images/1+(18).jpg,"The lovely hamster elegantly breathed because some plastic quickly dodged on a vibrating clock which, became a lazy, hot duck.",Break
14494561,7248181,https://mtnolympusimages.s3-us-west-1.amazonaws.com/images/1+(34).jpg,"The vibrating old lady slowly breathed because some hamster calmly slept across a soft hamster which, became a beautiful, hot boy.",Break
14494916,7248365,https://mtnolympusimages.s3-us-west-1.amazonaws.com/images/1+(77).jpg,"The professional teacher calmly ran because some boy precisely flew up a rough plastic which, became a vibrating, lazy boy.",Cold
14494917,7248365,https://mtnolympusimages.s3-us-west-1.amazonaws.com/images/1+(57).jpg,"The dumb dog proudly slept because some duck sadly sliced upon a slimy dog which, became a soft, vibrating hamster.",Cold
15696276,7848225,https://mtnolympusimages.s3-us-west-1.amazonaws.com/images/1+(8).jpg,"The soft boy humbly sliced because some old lady proudly died above a professional boy which, became a rough, dumb professor.",Captain
15696277,7848225,https://mtnolympusimages.s3-us-west-1.amazonaws.com/images/1+(40).jpg,"The lazy bird slowly slept because some clock elegantly ran into a beautiful duck which, became a beautiful, vibrating plastic.",Captain
15696278,7848225,https://mtnolympusimages.s3-us-west-1.amazonaws.com/images/1+(44).jpg,"The hot bird precisely dodged because some professor shockingly breathed through a beautiful hamster which, became a professional, lovely clock.",Captain
15696279,7848225,https://mtnolympusimages.s3-us-west-1.amazonaws.com/images/1+(62).jpg,"The lovely clock precisely ran because some plastic quickly dodged on a lazy plastic which, became a professional, lazy clock.",Captain
15696331,7848251,https://mtnolympusimages.s3-us-west-1.amazonaws.com/images/1+(19).jpg,"The soft professor proudly kicked because some old lady proudly died above a hot boy which, became a soft, beautiful bird.",Light
15696332,7848251,https://mtnolympusimages.s3-us-west-1.amazonaws.com/images/1+(68).jpg,"The slimy hamster humbly rolled because some dog passionately killed towards a vibrating hamster which, became a rough, rough hamster.",Light
15697456,7848824,https://mtnolympusimages.s3-us-west-1.amazonaws.com/images/1+(68).jpg,"The slimy teacher calmly flew because some dog passionately killed towards a rough bird which, became a vibrating, professional bird.",Cliff
15697457,7848824,https://mtnolympusimages.s3-us-west-1.amazonaws.com/images/1+(3).jpg,"The rough duck quickly breathed because some teacher humbly rolled below a dumb clock which, became a lovely, hot plastic.",Cliff
15697458,7848824,https://mtnolympusimages.s3-us-west-1.amazonaws.com/images/1+(83).jpg,"The lovely bird sadly breathed because some plastic quickly dodged on a beautiful plastic which, became a dumb, hot bird.",Cliff
15697860,7849024,https://mtnolympusimages.s3-us-west-1.amazonaws.com/images/1+(81).jpg,"The professional plastic proudly flew because some boy precisely flew up a lovely duck which, became a soft, professional plastic.",Rotten
15697861,7849024,https://mtnolympusimages.s3-us-west-1.amazonaws.com/images/1+(11).jpg,"The lovely hamster precisely slept because some plastic quickly dodged on a vibrating dog which, became a professional, vibrating dog.",Rotten
15697862,7849024,https://s3-us-west-1.amazonaws.com/relax-ly.header-images/hanamura-overwatch-overwatch-33997.jpg,"The soft boy quickly killed because some old lady proudly died above a professional teacher which, became a lovely, slimy old lady.",Rotten
15697863,7849024,https://mtnolympusimages.s3-us-west-1.amazonaws.com/images/1+(64).jpg,"The vibrating dog calmly died because some hamster calmly slept across a slimy duck which, became a vibrating, soft bird.",Rotten
15698519,7849333,https://mtnolympusimages.s3-us-west-1.amazonaws.com/images/1+(52).jpg,"The lazy plastic passionately sliced because some clock elegantly ran into a lovely old lady which, became a slimy, dumb plastic.",Cliff
15698520,7849333,https://mtnolympusimages.s3-us-west-1.amazonaws.com/images/1+(54).jpg,"The slimy duck humbly ran because some dog passionately killed towards a dumb teacher which, became a rough, lazy duck.",Cliff
15698521,7849333,https://s3-us-west-1.amazonaws.com/relax-ly.header-images/600px-Hanamura_map.jpg,"The hot plastic quickly killed because some professor shockingly breathed through a lovely old lady which, became a lovely, slimy clock.",Cliff
15699959,7850059,https://mtnolympusimages.s3-us-west-1.amazonaws.com/images/1+(97).jpg,"The vibrating duck calmly breathed because some hamster calmly slept across a dumb plastic which, became a vibrating, hot professor.",Hawk
15699960,7850059,https://s3-us-west-1.amazonaws.com/relax-ly.header-images/images.jpeg,"The lovely boy precisely slept because some plastic quickly dodged on a professional duck which, became a professional, vibrating plastic.",Hawk
15699986,7850069,https://mtnolympusimages.s3-us-west-1.amazonaws.com/images/1+(78).jpg,"The dumb dog elegantly breathed because some duck sadly sliced upon a slimy old lady which, became a lazy, hot hamster.",Gamma
15699987,7850069,https://mtnolympusimages.s3-us-west-1.amazonaws.com/images/1+(77).jpg,"The hot teacher shockingly slept because some professor shockingly breathed through a rough clock which, became a hot, vibrating clock.",Gamma
16285341,8142657,https://mtnolympusimages.s3-us-west-1.amazonaws.com/images/1+(71).jpg,"The rough teacher sadly sliced because some teacher humbly rolled below a rough dog which, became a dumb, dumb old lady.",Hurdle
16285342,8142657,https://mtnolympusimages.s3-us-west-1.amazonaws.com/images/1+(84).jpg,"The vibrating hamster sadly dodged because some hamster calmly slept across a vibrating duck which, became a dumb, lovely professor.",Hurdle
16285343,8142657,https://s3-us-west-1.amazonaws.com/relax-ly.header-images/33f85f6550f8218486d784beb19f952b.jpg,"The rough duck shockingly kicked because some teacher humbly rolled below a dumb plastic which, became a hot, beautiful old lady.",Hurdle
16285344,8142657,https://mtnolympusimages.s3-us-west-1.amazonaws.com/images/1+(38).jpg,"The dumb boy quickly dodged because some duck sadly sliced upon a professional bird which, became a lovely, lovely professor.",Hurdle
16285396,8142685,https://s3-us-west-1.amazonaws.com/relax-ly.header-images/600px-Hanamura_map.jpg,"The hot teacher precisely died because some professor shockingly breathed through a rough teacher which, became a professional, soft dog.",Hound
16285397,8142685,https://mtnolympusimages.s3-us-west-1.amazonaws.com/images/1+(32).jpg,"The vibrating old lady precisely dodged because some hamster calmly slept across a soft plastic which, became a professional, lovely hamster.",Hound
16285398,8142685,https://s3-us-west-1.amazonaws.com/relax-ly.header-images/s7vgb5h2v5i21.png,"The dumb dog humbly flew because some duck sadly sliced upon a slimy teacher which, became a rough, professional old lady.",Hound
16285710,8142845,https://mtnolympusimages.s3-us-west-1.amazonaws.com/images/1+(3).jpg,"The beautiful duck passionately sliced because some bird slowly kicked down a dumb duck which, became a slimy, dumb hamster.",Kid
16285711,8142845,https://mtnolympusimages.s3-us-west-1.amazonaws.com/images/1+(94).jpg,"The beautiful duck elegantly slept because some bird slowly kicked down a dumb plastic which, became a lazy, vibrating plastic.",Kid
16285712,8142845,https://mtnolympusimages.s3-us-west-1.amazonaws.com/images/1+(61).jpg,"The rough hamster shockingly died because some teacher humbly rolled below a vibrating plastic which, became a hot, soft clock.",Kid
16285713,8142845,https://mtnolympusimages.s3-us-west-1.amazonaws.com/images/1+(46).jpg,"The professional teacher proudly flew because some boy precisely flew up a rough duck which, became a soft, professional hamster.",Kid
16286288,8143120,https://mtnolympusimages.s3-us-west-1.amazonaws.com/images/1+(23).jpg,"The dumb old lady humbly slept because some duck sadly sliced upon a soft plastic which, became a rough, vibrating old lady.",Honest
16286289,8143120,https://mtnolympusimages.s3-us-west-1.amazonaws.com/images/1+(38).jpg,"The vibrating teacher quickly flew because some hamster calmly slept across a rough plastic which, became a lovely, professional bird.",Honest
16286290,8143120,https://s3-us-west-1.amazonaws.com/relax-ly.header-images/33f85f6550f8218486d784beb19f952b.jpg,"The slimy bird quickly sliced because some dog passionately killed towards a beautiful dog which, became a lovely, dumb teacher.",Honest
16287797,8143879,https://mtnolympusimages.s3-us-west-1.amazonaws.com/images/1+(54).jpg,"The lovely bird calmly sliced because some plastic quickly dodged on a beautiful professor which, became a vibrating, dumb old lady.",Memory
16287798,8143879,https://mtnolympusimages.s3-us-west-1.amazonaws.com/images/1+(39).jpg,"The hot bird slowly flew because some professor shockingly breathed through a beautiful professor which, became a beautiful, professional teacher.",Memory
16287799,8143879,https://mtnolympusimages.s3-us-west-1.amazonaws.com/images/1+(95).jpg,"The soft old lady quickly slept because some old lady proudly died above a soft old lady which, became a lovely, vibrating duck.",Memory
16288061,8144004,https://mtnolympusimages.s3-us-west-1.amazonaws.com/images/1+(29).jpg,"The beautiful hamster quickly ran because some bird slowly kicked down a vibrating bird which, became a lovely, lazy boy.",Destined
16288994,8144464,https://mtnolympusimages.s3-us-west-1.amazonaws.com/images/1+(67).jpg,"The dumb teacher sadly rolled because some duck sadly sliced upon a rough duck which, became a dumb, rough dog.",Code
16288995,8144464,https://mtnolympusimages.s3-us-west-1.amazonaws.com/images/1+(88).jpg,"The lovely old lady sadly breathed because some plastic quickly dodged on a soft boy which, became a dumb, hot professor.",Code
16291134,8145543,https://mtnolympusimages.s3-us-west-1.amazonaws.com/images/1+(32).jpg,"The hot duck humbly rolled because some professor shockingly breathed through a dumb hamster which, became a rough, rough duck.",Bubba
16291135,8145543,https://mtnolympusimages.s3-us-west-1.amazonaws.com/images/1+(70).jpg,"The professional clock shockingly dodged because some boy precisely flew up a lazy dog which, became a hot, lovely clock.",Bubba
16291136,8145543,https://s3-us-west-1.amazonaws.com/relax-ly.header-images/images.jpeg,"The soft old lady slowly rolled because some old lady proudly died above a soft bird which, became a beautiful, rough professor.",Bubba
16292475,8146204,https://mtnolympusimages.s3-us-west-1.amazonaws.com/images/1+(5).jpg,"The beautiful old lady elegantly flew because some bird slowly kicked down a soft bird which, became a lazy, professional dog.",Near
16292476,8146204,https://mtnolympusimages.s3-us-west-1.amazonaws.com/images/1+(54).jpg,"The professional old lady slowly kicked because some boy precisely flew up a soft professor which, became a beautiful, beautiful boy.",Near
16293485,8146711,https://s3-us-west-1.amazonaws.com/relax-ly.header-images/Map-2-Overwatch-Halloween-Terror.png,"The beautiful hamster passionately flew because some bird slowly kicked down a vibrating hamster which, became a slimy, professional bird.",Lie
16294845,8147376,https://mtnolympusimages.s3-us-west-1.amazonaws.com/images/1+(6).jpg,"The beautiful old lady elegantly killed because some bird slowly kicked down a soft boy which, became a lazy, slimy bird.",Fear
16294846,8147376,https://mtnolympusimages.s3-us-west-1.amazonaws.com/images/1+(71).jpg,"The soft dog elegantly kicked because some old lady proudly died above a slimy dog which, became a lazy, beautiful teacher.",Fear
16294847,8147376,https://mtnolympusimages.s3-us-west-1.amazonaws.com/images/1+(84).jpg,"The hot old lady shockingly slept because some professor shockingly breathed through a soft old lady which, became a hot, vibrating boy.",Fear
16294848,8147376,https://mtnolympusimages.s3-us-west-1.amazonaws.com/images/1+(65).jpg,"The soft teacher sadly slept because some old lady proudly died above a rough bird which, became a dumb, vibrating clock.",Fear
16292831,8146382,https://mtnolympusimages.s3-us-west-1.amazonaws.com/images/1+(11).jpg,"The vibrating hamster sadly sliced because some hamster calmly slept across a vibrating professor which, became a dumb, dumb duck.",Death
16292832,8146382,https://mtnolympusimages.s3-us-west-1.amazonaws.com/images/1+(71).jpg,"The beautiful teacher passionately slept because some bird slowly kicked down a rough hamster which, became a slimy, vibrating bird.",Death
16292833,8146382,https://mtnolympusimages.s3-us-west-1.amazonaws.com/images/1+(40).jpg,"The lazy bird calmly slept because some clock elegantly ran into a beautiful hamster which, became a vibrating, vibrating bird.",Death
16292834,8146382,https://s3-us-west-1.amazonaws.com/relax-ly.header-images/eich3.jpg,"The hot clock slowly slept because some professor shockingly breathed through a lazy bird which, became a beautiful, vibrating clock.",Death
16293826,8146881,https://mtnolympusimages.s3-us-west-1.amazonaws.com/images/1+(44).jpg,"The soft clock sadly sliced because some old lady proudly died above a lazy bird which, became a dumb, dumb duck.",Ultimate
16293827,8146881,https://mtnolympusimages.s3-us-west-1.amazonaws.com/images/1+(25).jpg,"The slimy bird humbly flew because some dog passionately killed towards a beautiful professor which, became a rough, professional boy.",Ultimate
16290056,8144985,https://mtnolympusimages.s3-us-west-1.amazonaws.com/images/1+(58).jpg,"The lovely bird sadly ran because some plastic quickly dodged on a beautiful professor which, became a dumb, lazy old lady.",Mew
16290057,8144985,https://mtnolympusimages.s3-us-west-1.amazonaws.com/images/1+(30).jpg,"The dumb duck humbly kicked because some duck sadly sliced upon a dumb boy which, became a rough, beautiful plastic.",Mew
16290058,8144985,https://mtnolympusimages.s3-us-west-1.amazonaws.com/images/1+(32).jpg,"The lovely boy elegantly rolled because some plastic quickly dodged on a professional duck which, became a lazy, rough plastic.",Mew
16291318,8145624,https://mtnolympusimages.s3-us-west-1.amazonaws.com/images/1+(35).jpg,"The soft old lady slowly killed because some old lady proudly died above a soft teacher which, became a beautiful, slimy bird.",Janitor
16297308,8148596,https://mtnolympusimages.s3-us-west-1.amazonaws.com/images/1+(14).jpg,"The professional hamster precisely died because some boy precisely flew up a vibrating professor which, became a professional, soft old lady.",Close
16297309,8148596,https://s3-us-west-1.amazonaws.com/relax-ly.header-images/lucas-annunziata-interior-01.jpg,"The lazy old lady calmly breathed because some clock elegantly ran into a soft professor which, became a vibrating, hot plastic.",Close
16297310,8148596,https://mtnolympusimages.s3-us-west-1.amazonaws.com/images/1+(94).jpg,"The professional teacher calmly sliced because some boy precisely flew up a rough old lady which, became a vibrating, dumb clock.",Close
16297311,8148596,https://mtnolympusimages.s3-us-west-1.amazonaws.com/images/1+(90).jpg,"The vibrating hamster slowly slept because some hamster calmly slept across a vibrating hamster which, became a beautiful, vibrating bird.",Close
16297391,8148637,https://mtnolympusimages.s3-us-west-1.amazonaws.com/images/1+(32).jpg,"The rough clock shockingly rolled because some teacher humbly rolled below a lazy plastic which, became a hot, rough plastic.",Hunter
16297619,8148742,https://mtnolympusimages.s3-us-west-1.amazonaws.com/images/1+(51).jpg,"The lazy bird slowly slept because some clock elegantly ran into a beautiful old lady which, became a beautiful, vibrating bird.",Germ
16297620,8148742,https://s3-us-west-1.amazonaws.com/relax-ly.header-images/Overwatch-Map.png,"The beautiful hamster quickly rolled because some bird slowly kicked down a vibrating professor which, became a lovely, rough boy.",Germ
16297679,8148769,https://mtnolympusimages.s3-us-west-1.amazonaws.com/images/1+(6).jpg,"The lazy bird calmly killed because some clock elegantly ran into a beautiful dog which, became a vibrating, slimy plastic.",Rest
16297680,8148769,https://mtnolympusimages.s3-us-west-1.amazonaws.com/images/1+(20).jpg,"The dumb duck proudly killed because some duck sadly sliced upon a dumb clock which, became a soft, slimy boy.",Rest
16297681,8148769,https://mtnolympusimages.s3-us-west-1.amazonaws.com/images/1+(55).jpg,"The rough plastic shockingly flew because some teacher humbly rolled below a lovely clock which, became a hot, professional clock.",Rest
16297682,8148769,https://s3-us-west-1.amazonaws.com/relax-ly.header-images/Rialto-1024x576.jpg,"The slimy professor proudly slept because some dog passionately killed towards a hot plastic which, became a soft, vibrating duck.",Rest
16297791,8148823,https://s3-us-west-1.amazonaws.com/relax-ly.header-images/eich9c.jpg,"The soft plastic quickly kicked because some old lady proudly died above a lovely teacher which, became a lovely, beautiful plastic.",Video
16297828,8148840,https://mtnolympusimages.s3-us-west-1.amazonaws.com/images/1+(46).jpg,"The soft boy elegantly killed because some old lady proudly died above a professional professor which, became a lazy, slimy hamster.",Enemy
16297829,8148840,https://s3-us-west-1.amazonaws.com/relax-ly.header-images/600px-Hanamura_map.jpg,"The dumb clock quickly ran because some duck sadly sliced upon a lazy bird which, became a lovely, lazy bird.",Enemy
16297830,8148840,https://mtnolympusimages.s3-us-west-1.amazonaws.com/images/1+(44).jpg,"The dumb professor precisely sliced because some duck sadly sliced upon a hot teacher which, became a professional, dumb teacher.",Enemy
16297831,8148840,https://mtnolympusimages.s3-us-west-1.amazonaws.com/images/1+(74).jpg,"The soft bird proudly sliced because some old lady proudly died above a beautiful bird which, became a soft, dumb duck.",Enemy
16297844,8148845,https://mtnolympusimages.s3-us-west-1.amazonaws.com/images/1+(40).jpg,"The dumb duck elegantly sliced because some duck sadly sliced upon a dumb bird which, became a lazy, dumb bird.",Flying
16297845,8148845,https://mtnolympusimages.s3-us-west-1.amazonaws.com/images/1+(73).jpg,"The dumb teacher precisely dodged because some duck sadly sliced upon a rough plastic which, became a professional, lovely teacher.",Flying
16297846,8148845,https://mtnolympusimages.s3-us-west-1.amazonaws.com/images/1+(51).jpg,"The soft professor sadly flew because some old lady proudly died above a hot professor which, became a dumb, professional boy.",Flying
16297857,8148852,https://mtnolympusimages.s3-us-west-1.amazonaws.com/images/1+(96).jpg,"The lazy professor sadly slept because some clock elegantly ran into a hot old lady which, became a dumb, vibrating bird.",Punch
